#
# There is insufficient memory for the Java Runtime Environment to continue.
# Native memory allocation (mmap) failed to map 402653184 bytes for G1 virtual space
# Possible reasons:
#   The system is out of physical RAM or swap space
#   The process is running with CompressedOops enabled, and the Java Heap may be blocking the growth of the native heap
# Possible solutions:
#   Reduce memory load on the system
#   Increase physical memory or swap space
#   Check if swap backing store is full
#   Decrease Java heap size (-Xmx/-Xms)
#   Decrease number of Java threads
#   Decrease Java thread stack sizes (-Xss)
#   Set larger code cache with -XX:ReservedCodeCacheSize=
#   JVM is running with Zero Based Compressed Oops mode in which the Java heap is
#     placed in the first 32GB address space. The Java Heap base address is the
#     maximum limit for the native heap growth. Please use -XX:HeapBaseMinAddress
#     to set the Java Heap base and to place the Java Heap above 32GB virtual address.
# This output file may be truncated or incomplete.
#
#  Out of Memory Error (os_windows.cpp:3550), pid=39164, tid=38104
#
# JRE version:  (17.0.8+9) (build )
# Java VM: Java HotSpot(TM) 64-Bit Server VM (17.0.8+9-LTS-211, mixed mode, sharing, tiered, compressed oops, compressed class ptrs, g1 gc, windows-amd64)
# No core dump will be written. Minidumps are not enabled by default on client versions of Windows
#

---------------  S U M M A R Y ------------

Command Line: -XX:+ShowCodeDetailsInExceptionMessages UndoubtifyApp

Host: Intel(R) Core(TM) i7-10750H CPU @ 2.60GHz, 12 cores, 23G,  Windows 10 , 64 bit Build 19041 (10.0.19041.3636)
Time: Mon Jun 24 20:08:32 2024 Malay Peninsula Standard Time elapsed time: 0.025134 seconds (0d 0h 0m 0s)

---------------  T H R E A D  ---------------

Current thread (0x000001ce87003b10):  JavaThread "Unknown thread" [_thread_in_vm, id=38104, stack(0x0000004005f00000,0x0000004006000000)]

Stack: [0x0000004005f00000,0x0000004006000000]
Native frames: (J=compiled Java code, j=interpreted, Vv=VM code, C=native code)
V  [jvm.dll+0x677d0a]
V  [jvm.dll+0x7d8c54]
V  [jvm.dll+0x7da3fe]
V  [jvm.dll+0x7daa63]
V  [jvm.dll+0x245c5f]
V  [jvm.dll+0x674bb9]
V  [jvm.dll+0x6694f2]
V  [jvm.dll+0x3031d6]
V  [jvm.dll+0x30a756]
V  [jvm.dll+0x359f9e]
V  [jvm.dll+0x35a1cf]
V  [jvm.dll+0x2da3e8]
V  [jvm.dll+0x2db354]
V  [jvm.dll+0x7aa711]
V  [jvm.dll+0x367b51]
V  [jvm.dll+0x789979]
V  [jvm.dll+0x3eb05f]
V  [jvm.dll+0x3ecae1]
C  [jli.dll+0x5297]
C  [ucrtbase.dll+0x21bb2]
C  [KERNEL32.DLL+0x17344]
C  [ntdll.dll+0x4cc91]


---------------  P R O C E S S  ---------------

Threads class SMR info:
_java_thread_list=0x00007ffd894f59d8, length=0, elements={
}

Java Threads: ( => current thread )

Other Threads:
  0x000001ce8708e7c0 GCTaskThread "GC Thread#0" [stack: 0x0000004006000000,0x0000004006100000] [id=24876]
  0x000001ce8709b590 ConcurrentGCThread "G1 Main Marker" [stack: 0x0000004006100000,0x0000004006200000] [id=38808]
  0x000001ce8709cfb0 ConcurrentGCThread "G1 Conc#0" [stack: 0x0000004006200000,0x0000004006300000] [id=30040]

[error occurred during error reporting (printing all threads), id 0xc0000005, EXCEPTION_ACCESS_VIOLATION (0xc0000005) at pc=0x00007ffd88d2b047]

VM state: not at safepoint (not fully initialized)

VM Mutex/Monitor currently owned by a thread:  ([mutex/lock_event])
[0x000001ce86ffe900] Heap_lock - owner thread: 0x000001ce87003b10

Heap address: 0x0000000682c00000, size: 6100 MB, Compressed Oops mode: Zero based, Oop shift amount: 3

CDS archive(s) mapped at: [0x0000000000000000-0x0000000000000000-0x0000000000000000), size 0, SharedBaseAddress: 0x0000000800000000, ArchiveRelocationMode: 1.
Narrow klass base: 0x0000000000000000, Narrow klass shift: 0, Narrow klass range: 0x0

GC Precious Log:
<Empty>

Heap:
 garbage-first heap   total 0K, used 0K [0x0000000682c00000, 0x0000000800000000)
  region size 4096K, 0 young (0K), 0 survivors (0K)

[error occurred during error reporting (printing heap information), id 0xc0000005, EXCEPTION_ACCESS_VIOLATION (0xc0000005) at pc=0x00007ffd89111499]

GC Heap History (0 events):
No events

Deoptimization events (0 events):
No events

Classes unloaded (0 events):
No events

Classes redefined (0 events):
No events

Internal exceptions (0 events):
No events

VM Operations (0 events):
No events

Events (1 events):
Event: 0.010 Loaded shared library C:\Program Files\Java\jdk-17\bin\java.dll


Dynamic libraries:
0x00007ff6f3d40000 - 0x00007ff6f3d50000 	C:\Program Files\Java\jdk-17\bin\java.exe
0x00007ffe93cf0000 - 0x00007ffe93ee8000 	C:\Windows\SYSTEM32\ntdll.dll
0x00007ffe93350000 - 0x00007ffe9340d000 	C:\Windows\System32\KERNEL32.DLL
0x00007ffe91990000 - 0x00007ffe91c86000 	C:\Windows\System32\KERNELBASE.dll
0x00007ffe91890000 - 0x00007ffe91990000 	C:\Windows\System32\ucrtbase.dll
0x00007ffe646f0000 - 0x00007ffe6470b000 	C:\Program Files\Java\jdk-17\bin\VCRUNTIME140.dll
0x00007ffe64710000 - 0x00007ffe64729000 	C:\Program Files\Java\jdk-17\bin\jli.dll
0x00007ffe932a0000 - 0x00007ffe93350000 	C:\Windows\System32\ADVAPI32.dll
0x00007ffe938e0000 - 0x00007ffe9397e000 	C:\Windows\System32\msvcrt.dll
0x00007ffe93410000 - 0x00007ffe934b0000 	C:\Windows\System32\sechost.dll
0x00007ffe923f0000 - 0x00007ffe92513000 	C:\Windows\System32\RPCRT4.dll
0x00007ffe91c90000 - 0x00007ffe91cb7000 	C:\Windows\System32\bcrypt.dll
0x00007ffe93a30000 - 0x00007ffe93bcf000 	C:\Windows\System32\USER32.dll
0x00007ffe91860000 - 0x00007ffe91882000 	C:\Windows\System32\win32u.dll
0x00007ffe931b0000 - 0x00007ffe931db000 	C:\Windows\System32\GDI32.dll
0x00007ffe7afb0000 - 0x00007ffe7b24a000 	C:\Windows\WinSxS\amd64_microsoft.windows.common-controls_6595b64144ccf1df_6.0.19041.4355_none_60b8b9eb71f62e16\COMCTL32.dll
0x00007ffe91500000 - 0x00007ffe91617000 	C:\Windows\System32\gdi32full.dll
0x00007ffe913b0000 - 0x00007ffe9144d000 	C:\Windows\System32\msvcp_win.dll
0x00007ffe88bb0000 - 0x00007ffe88bba000 	C:\Windows\SYSTEM32\VERSION.dll
0x00007ffe93260000 - 0x00007ffe9328f000 	C:\Windows\System32\IMM32.DLL
0x00007ffe712d0000 - 0x00007ffe712dc000 	C:\Program Files\Java\jdk-17\bin\vcruntime140_1.dll
0x00007ffe51a00000 - 0x00007ffe51a8e000 	C:\Program Files\Java\jdk-17\bin\msvcp140.dll
0x00007ffd88a40000 - 0x00007ffd8961e000 	C:\Program Files\Java\jdk-17\bin\server\jvm.dll
0x00007ffe92520000 - 0x00007ffe92528000 	C:\Windows\System32\PSAPI.DLL
0x00007ffe6f7d0000 - 0x00007ffe6f7d9000 	C:\Windows\SYSTEM32\WSOCK32.dll
0x00007ffe934b0000 - 0x00007ffe9351b000 	C:\Windows\System32\WS2_32.dll
0x00007ffe83620000 - 0x00007ffe83647000 	C:\Windows\SYSTEM32\WINMM.dll
0x00007ffe8f230000 - 0x00007ffe8f242000 	C:\Windows\SYSTEM32\kernel.appcore.dll
0x00007ffe71200000 - 0x00007ffe7120a000 	C:\Program Files\Java\jdk-17\bin\jimage.dll
0x00007ffe82ce0000 - 0x00007ffe82ec4000 	C:\Windows\SYSTEM32\DBGHELP.DLL
0x00007ffe628a0000 - 0x00007ffe628d4000 	C:\Windows\SYSTEM32\dbgcore.DLL
0x00007ffe917d0000 - 0x00007ffe91852000 	C:\Windows\System32\bcryptPrimitives.dll
0x00007ffe62bd0000 - 0x00007ffe62bf5000 	C:\Program Files\Java\jdk-17\bin\java.dll

dbghelp: loaded successfully - version: 4.0.5 - missing functions: none
symbol engine: initialized successfully - sym options: 0x614 - pdb path: .;C:\Program Files\Java\jdk-17\bin;C:\Windows\SYSTEM32;C:\Windows\WinSxS\amd64_microsoft.windows.common-controls_6595b64144ccf1df_6.0.19041.4355_none_60b8b9eb71f62e16;C:\Program Files\Java\jdk-17\bin\server

VM Arguments:
jvm_args: -XX:+ShowCodeDetailsInExceptionMessages 
java_command: UndoubtifyApp
java_class_path (initial): C:\Users\ADMIN\Desktop\School\ONLY FOR UNDOUBTIFY\Undoubtify\bin
Launcher Type: SUN_STANDARD

[Global flags]
     intx CICompilerCount                          = 4                                         {product} {ergonomic}
     uint ConcGCThreads                            = 3                                         {product} {ergonomic}
     uint G1ConcRefinementThreads                  = 10                                        {product} {ergonomic}
   size_t G1HeapRegionSize                         = 4194304                                   {product} {ergonomic}
    uintx GCDrainStackTargetSize                   = 64                                        {product} {ergonomic}
   size_t InitialHeapSize                          = 402653184                                 {product} {ergonomic}
   size_t MarkStackSize                            = 4194304                                   {product} {ergonomic}
   size_t MaxHeapSize                              = 6396313600                                {product} {ergonomic}
   size_t MinHeapDeltaBytes                        = 4194304                                   {product} {ergonomic}
   size_t MinHeapSize                              = 8388608                                   {product} {ergonomic}
    uintx NonNMethodCodeHeapSize                   = 5839372                                {pd product} {ergonomic}
    uintx NonProfiledCodeHeapSize                  = 122909434                              {pd product} {ergonomic}
    uintx ProfiledCodeHeapSize                     = 122909434                              {pd product} {ergonomic}
    uintx ReservedCodeCacheSize                    = 251658240                              {pd product} {ergonomic}
     bool SegmentedCodeCache                       = true                                      {product} {ergonomic}
     bool ShowCodeDetailsInExceptionMessages       = true                                   {manageable} {command line}
   size_t SoftMaxHeapSize                          = 6396313600                             {manageable} {ergonomic}
     bool UseCompressedClassPointers               = true                           {product lp64_product} {ergonomic}
     bool UseCompressedOops                        = true                           {product lp64_product} {ergonomic}
     bool UseG1GC                                  = true                                      {product} {ergonomic}
     bool UseLargePagesIndividualAllocation        = false                                  {pd product} {ergonomic}

Logging:
Log output configuration:
 #0: stdout all=warning uptime,level,tags
 #1: stderr all=off uptime,level,tags

Environment Variables:
PATH=C:\Program Files\Common Files\Oracle\Java\javapath;C:\Program Files (x86)\Common Files\Oracle\Java\javapath;C:\Program Files (x86)\Razer Chroma SDK\bin;C:\Program Files\Razer Chroma SDK\bin;C:\Program Files (x86)\Razer\ChromaBroadcast\bin;C:\Program Files\Razer\ChromaBroadcast\bin;C:\Windows\system32;C:\Windows;C:\Windows\System32\Wbem;C:\Windows\System32\WindowsPowerShell\v1.0\;C:\Windows\System32\OpenSSH\;C:\Program Files\NVIDIA Corporation\NVIDIA NvDLISR;C:\Program Files\dotnet\;C:\Program Files (x86)\Windows Live\Shared;C:\Users\ADMIN\AppData\Local\Microsoft\WindowsApps;C:\Windows\system32\config\systemprofile\AppData\Local\Microsoft\WindowsApps;C:\Program Files\ffmpeg;C:\Program Files (x86)\dotnet\;C:\Program Files\Git\cmd;C:\Program Files (x86)\NVIDIA Corporation\PhysX\Common;C:\cygwin64\bin;C:\Users\ADMIN\AppData\Local\Microsoft\WindowsApps;;D:\Microsoft VS Code\bin
USERNAME=ADMIN
LANG=en_US.UTF-8
OS=Windows_NT
PROCESSOR_IDENTIFIER=Intel64 Family 6 Model 165 Stepping 2, GenuineIntel



---------------  S Y S T E M  ---------------

OS:
 Windows 10 , 64 bit Build 19041 (10.0.19041.3636)
OS uptime: 0 days 6:07 hours

CPU: total 12 (initial active 12) (6 cores per cpu, 2 threads per core) family 6 model 165 stepping 2 microcode 0xe2, cx8, cmov, fxsr, ht, mmx, 3dnowpref, sse, sse2, sse3, ssse3, sse4.1, sse4.2, popcnt, lzcnt, tsc, tscinvbit, avx, avx2, aes, erms, clmul, bmi1, bmi2, adx, fma, vzeroupper, clflush, clflushopt

Memory: 4k page, system-wide physical 24397M (7061M free)
TotalPageFile size 30729M (AvailPageFile size 193M)
current process WorkingSet (physical memory assigned to process): 10M, peak: 10M
current process commit charge ("private bytes"): 64M, peak: 448M

vm_info: Java HotSpot(TM) 64-Bit Server VM (17.0.8+9-LTS-211) for windows-amd64 JRE (17.0.8+9-LTS-211), built on Jun 14 2023 10:34:31 by "mach5one" with MS VC++ 17.1 (VS2022)

END.
